{"service":"userManagementService","timestamp":"2016-04-23T05:55:41.857Z","module":"userRepository","funcName":"_getUserByEmail","level":"info","message":"info start email=xbarrufetm@gmail.com"}
{"service":"userManagementService","timestamp":"2016-04-23T05:55:42.461Z","module":"profileRepository","funcName":"_updateAllGardenCenters","level":"info","message":"info start userid=undefined"}
{"service":"userManagementService","timestamp":"2016-04-23T05:55:42.462Z","module":"profileRepository","funcName":"_getProfile","level":"info","message":"info start userid=undefined"}
{"service":"userManagementService","timestamp":"2016-04-23T05:55:42.582Z","module":"profileRepository","funcName":"_getProfile","level":"error","message":"error Profile for undefined not found."}
{"service":"userManagementService","timestamp":"2016-04-23T05:55:42.583Z","module":"profileRepository","funcName":"_updateAllGardenCenters","level":"error","message":"error Profile for undefined not found."}
{"service":"userManagementService","timestamp":"2016-04-23T05:55:42.583Z","module":"userService","funcName":"_updateGardenCenters","level":"error","message":"error Profile for undefined not found."}
{"service":"userManagementService","timestamp":"2016-04-23T05:55:42.587Z","module":"userRepository","funcName":"_getAllUsers","level":"info","message":"info start"}
{"service":"userManagementService","timestamp":"2016-04-23T05:55:42.598Z","module":"userRepository","funcName":"_getUserByEmail","level":"info","message":"info start email=xbarrufetm@gmail.com"}
{"service":"userManagementService","timestamp":"2016-04-23T05:56:13.667Z","module":"userRepository","funcName":"_getUserByEmail","level":"info","message":"info start email=xbarrufetm@gmail.com"}
{"service":"userManagementService","timestamp":"2016-04-23T05:56:13.700Z","module":"userRepository","funcName":"_addUser","level":"info","message":"info start"}
{"service":"userManagementService","timestamp":"2016-04-23T05:56:13.709Z","module":"profileRepository","funcName":"_createProfile","level":"info","message":"info start userid=571b0e7ddd5b4147fd2ecd7c"}
{"service":"userManagementService","timestamp":"2016-04-23T05:56:13.720Z","module":"profileRepository","funcName":"_updateAllGardenCenters","level":"info","message":"info start userid=571b0e7ddd5b4147fd2ecd7c"}
{"service":"userManagementService","timestamp":"2016-04-23T05:56:13.721Z","module":"profileRepository","funcName":"_getProfile","level":"info","message":"info start userid=571b0e7ddd5b4147fd2ecd7c"}
{"service":"userManagementService","timestamp":"2016-04-23T05:56:13.743Z","module":"userRepository","funcName":"_getAllUsers","level":"info","message":"info start"}
{"service":"userManagementService","timestamp":"2016-04-23T05:56:13.753Z","module":"userRepository","funcName":"_getUserByEmail","level":"info","message":"info start email=xbarrufetm@gmail.com"}
{"service":"userManagementService","timestamp":"2016-04-23T07:04:46.668Z","module":"userRepository","funcName":"_getAllUsers","level":"info","message":"info start"}
{"service":"userManagementService","timestamp":"2016-04-23T07:13:18.194Z","module":"userRepository","funcName":"_addUser","level":"info","message":"info start"}
{"service":"userManagementService","timestamp":"2016-04-23T07:13:18.220Z","module":"profileRepository","funcName":"_createProfile","level":"info","message":"info start userid=571b208e51f96fb801501f41"}
{"service":"userManagementService","timestamp":"2016-04-23T07:13:27.994Z","module":"userRepository","funcName":"_getAllUsers","level":"info","message":"info start"}
{"service":"userManagementService","timestamp":"2016-04-23T07:14:07.331Z","module":"userRepository","funcName":"_addUser","level":"info","message":"info start"}
{"service":"userManagementService","timestamp":"2016-04-23T07:14:07.368Z","module":"profileRepository","funcName":"_createProfile","level":"info","message":"info start userid=571b20bf0c69fdd101b0bb52"}
{"service":"userManagementService","timestamp":"2016-04-23T07:15:50.935Z","module":"userRepository","funcName":"_getUserByEmail","level":"info","message":"info start email=undefined"}
{"service":"userManagementService","timestamp":"2016-04-23T07:15:50.946Z","module":"userRepository","funcName":"_validate","level":"info","message":"info Authentication failed. User not found."}
{"service":"userManagementService","timestamp":"2016-04-23T07:15:50.947Z","module":"userService","funcName":"_getProfile","level":"error","message":"error Authentication failed. User not found."}
{"service":"userManagementService","timestamp":"2016-04-23T07:15:57.339Z","module":"userRepository","funcName":"_getUserByEmail","level":"info","message":"info start email=undefined"}
{"service":"userManagementService","timestamp":"2016-04-23T07:15:57.343Z","module":"userRepository","funcName":"_validate","level":"info","message":"info Authentication failed. User not found."}
{"service":"userManagementService","timestamp":"2016-04-23T07:15:57.344Z","module":"userService","funcName":"_getProfile","level":"error","message":"error Authentication failed. User not found."}
{"service":"userManagementService","timestamp":"2016-04-23T07:17:42.657Z","module":"userRepository","funcName":"_getUserByEmail","level":"info","message":"info start email=undefined"}
{"service":"userManagementService","timestamp":"2016-04-23T07:17:42.675Z","module":"userRepository","funcName":"_validate","level":"info","message":"info Authentication failed. User not found."}
{"service":"userManagementService","timestamp":"2016-04-23T07:17:42.675Z","module":"userService","funcName":"_getProfile","level":"error","message":"error Authentication failed. User not found."}
{"service":"userManagementService","timestamp":"2016-04-23T07:18:06.357Z","module":"userRepository","funcName":"_getUserByEmail","level":"info","message":"info start email=undefined"}
{"service":"userManagementService","timestamp":"2016-04-23T07:18:06.376Z","module":"userRepository","funcName":"_validate","level":"info","message":"info Authentication failed. User not found."}
{"service":"userManagementService","timestamp":"2016-04-23T07:18:06.377Z","module":"userService","funcName":"_getProfile","level":"error","message":"error Authentication failed. User not found."}
{"service":"userManagementService","timestamp":"2016-04-23T07:18:46.876Z","module":"userRepository","funcName":"_getUserByEmail","level":"info","message":"info start email=undefined"}
{"service":"userManagementService","timestamp":"2016-04-23T07:18:46.893Z","module":"userRepository","funcName":"_validate","level":"info","message":"info Authentication failed. User not found."}
{"service":"userManagementService","timestamp":"2016-04-23T07:18:46.893Z","module":"userService","funcName":"_getProfile","level":"error","message":"error Authentication failed. User not found."}
{"service":"userManagementService","timestamp":"2016-04-23T07:19:22.811Z","module":"userRepository","funcName":"_getUserByEmail","level":"info","message":"info start email=xbarrufetm@gmail.com"}
{"service":"userManagementService","timestamp":"2016-04-23T07:19:53.373Z","module":"userRepository","funcName":"_getUserByEmail","level":"info","message":"info start email=xbarrufetm@gmail.com"}
{"service":"userManagementService","timestamp":"2016-04-23T07:19:53.378Z","module":"userRepository","funcName":"_validate","level":"info","message":"info Authentication failed. Wrong pasword."}
{"service":"userManagementService","timestamp":"2016-04-23T07:19:53.379Z","module":"userService","funcName":"_getProfile","level":"error","message":"error Authentication failed. Wrong pasword."}
{"service":"userManagementService","timestamp":"2016-04-28T20:59:25.998Z","level":"error","message":"error Error connecting to DEV DB MongoError: connect ECONNREFUSED 127.0.0.1:27017"}
{"service":"userManagementService","timestamp":"2016-04-28T21:03:08.658Z","level":"error","message":"error Error connecting to DEV DB MongoError: connect ECONNREFUSED 127.0.0.1:27017"}
{"service":"userManagementService","timestamp":"2016-04-28T21:03:42.828Z","level":"error","message":"error Error connecting to DEV DB MongoError: connect ECONNREFUSED 127.0.0.1:27017"}
{"service":"userManagementService","timestamp":"2016-04-28T21:04:12.742Z","level":"error","message":"error Error connecting to DEV DB MongoError: connect ECONNREFUSED 127.0.0.1:27017"}
{"service":"userManagementService","timestamp":"2016-04-28T21:09:38.019Z","level":"error","message":"error Error connecting to DEV DB MongoError: connect ECONNREFUSED 127.0.0.1:27017"}
{"service":"userManagementService","timestamp":"2016-04-28T21:10:30.066Z","level":"error","message":"error Error connecting to DEV DB MongoError: connect ECONNREFUSED 127.0.0.1:27017"}
{"service":"userManagementService","timestamp":"2016-04-29T03:38:08.330Z","module":"documentRepository","funcName":"_getFile","level":"info","message":"info start"}
{"service":"userManagementService","timestamp":"2016-04-29T03:38:29.795Z","module":"documentRepository","funcName":"_getFile","level":"info","message":"info start"}
{"service":"userManagementService","timestamp":"2016-04-29T03:41:23.166Z","module":"documentRepository","funcName":"_getFile","level":"info","message":"info start"}
{"service":"userManagementService","timestamp":"2016-04-29T03:42:08.252Z","module":"documentRepository","funcName":"_getFile","level":"info","message":"info start"}
{"service":"userManagementService","timestamp":"2016-04-29T03:42:22.708Z","module":"documentRepository","funcName":"_getFile","level":"info","message":"info start"}
{"service":"userManagementService","timestamp":"2016-04-29T03:43:03.608Z","module":"documentRepository","funcName":"_getFile","level":"info","message":"info start"}
{"service":"userManagementService","timestamp":"2016-04-29T03:44:04.143Z","module":"documentRepository","funcName":"_getFile","level":"info","message":"info start"}
{"service":"userManagementService","timestamp":"2016-04-29T03:44:37.320Z","module":"documentRepository","funcName":"_getFile","level":"info","message":"info start"}
{"service":"userManagementService","timestamp":"2016-04-29T03:45:37.047Z","module":"documentRepository","funcName":"_getFile","level":"info","message":"info start"}
{"service":"userManagementService","timestamp":"2016-04-29T03:46:16.207Z","module":"documentRepository","funcName":"_getFile","level":"info","message":"info start"}
{"service":"userManagementService","timestamp":"2016-04-29T03:46:49.949Z","module":"documentRepository","funcName":"_getFile","level":"info","message":"info start"}
{"service":"userManagementService","timestamp":"2016-04-29T03:50:05.975Z","module":"documentRepository","funcName":"_getFile","level":"info","message":"info start"}
{"service":"userManagementService","timestamp":"2016-04-29T03:50:06.000Z","module":"userRepository","funcName":"_getAllUsers","level":"error","message":"error { [CastError: Cast to ObjectId failed for value \"5722d5dca43575653a03cfb2sdsdsd\" at path \"_id\"]\n  message: 'Cast to ObjectId failed for value \"5722d5dca43575653a03cfb2sdsdsd\" at path \"_id\"',\n  name: 'CastError',\n  kind: 'ObjectId',\n  value: '5722d5dca43575653a03cfb2sdsdsd',\n  path: '_id',\n  reason: undefined }"}
{"service":"userManagementService","timestamp":"2016-04-29T03:50:06.001Z","module":"documentManagementService","funcName":"_getFile","level":"error","message":"error { [CastError: Cast to ObjectId failed for value \"5722d5dca43575653a03cfb2sdsdsd\" at path \"_id\"]\n  message: 'Cast to ObjectId failed for value \"5722d5dca43575653a03cfb2sdsdsd\" at path \"_id\"',\n  name: 'CastError',\n  kind: 'ObjectId',\n  value: '5722d5dca43575653a03cfb2sdsdsd',\n  path: '_id',\n  reason: undefined }"}
{"service":"userManagementService","timestamp":"2016-04-29T03:50:24.408Z","module":"documentRepository","funcName":"_getFile","level":"info","message":"info start"}
{"service":"userManagementService","timestamp":"2016-04-29T03:50:46.900Z","module":"documentRepository","funcName":"_getFile","level":"info","message":"info start"}
{"service":"userManagementService","timestamp":"2016-04-29T03:51:23.021Z","module":"documentRepository","funcName":"_getFile","level":"info","message":"info start"}
{"service":"userManagementService","timestamp":"2016-04-29T03:51:49.234Z","module":"documentRepository","funcName":"_getFile","level":"info","message":"info start"}
{"service":"userManagementService","timestamp":"2016-04-29T04:24:20.029Z","module":"interventionRepository","funcName":"_addClosedVisit","level":"info","message":"info start"}
{"service":"userManagementService","timestamp":"2016-04-29T04:24:20.048Z","module":"interventionRepository","funcName":"_addIntervention","level":"error","message":"error { [ValidationError: Intervention validation failed]\n  message: 'Intervention validation failed',\n  name: 'ValidationError',\n  errors: \n   { endTime: \n      { [ValidatorError: Path `endTime` is required.]\n        message: 'Path `endTime` is required.',\n        name: 'ValidatorError',\n        properties: [Object],\n        kind: 'required',\n        path: 'endTime',\n        value: undefined } } }"}
{"service":"userManagementService","timestamp":"2016-04-29T04:25:49.267Z","module":"interventionRepository","funcName":"_addClosedVisit","level":"info","message":"info start"}
{"service":"userManagementService","timestamp":"2016-04-29T04:25:49.284Z","module":"interventionRepository","funcName":"_addIntervention","level":"error","message":"error { [ValidationError: Intervention validation failed]\n  message: 'Intervention validation failed',\n  name: 'ValidationError',\n  errors: \n   { endTime: \n      { [ValidatorError: Path `endTime` is required.]\n        message: 'Path `endTime` is required.',\n        name: 'ValidatorError',\n        properties: [Object],\n        kind: 'required',\n        path: 'endTime',\n        value: undefined } } }"}
{"service":"userManagementService","timestamp":"2016-04-29T04:25:56.035Z","module":"interventionRepository","funcName":"_addClosedVisit","level":"info","message":"info start"}
{"service":"userManagementService","timestamp":"2016-04-29T04:26:37.256Z","module":"interventionRepository","funcName":"_addIntervention","level":"error","message":"error { [ValidationError: Intervention validation failed]\n  message: 'Intervention validation failed',\n  name: 'ValidationError',\n  errors: \n   { endTime: \n      { [ValidatorError: Path `endTime` is required.]\n        message: 'Path `endTime` is required.',\n        name: 'ValidatorError',\n        properties: [Object],\n        kind: 'required',\n        path: 'endTime',\n        value: undefined } } }"}
{"service":"userManagementService","timestamp":"2016-04-29T04:27:19.675Z","module":"interventionRepository","funcName":"_addClosedVisit","level":"info","message":"info start"}
{"service":"userManagementService","timestamp":"2016-04-29T04:27:19.692Z","module":"interventionRepository","funcName":"_addIntervention","level":"error","message":"error { [ValidationError: Intervention validation failed]\n  message: 'Intervention validation failed',\n  name: 'ValidationError',\n  errors: \n   { endTime: \n      { [ValidatorError: Path `endTime` is required.]\n        message: 'Path `endTime` is required.',\n        name: 'ValidatorError',\n        properties: [Object],\n        kind: 'required',\n        path: 'endTime',\n        value: undefined } } }"}
{"service":"userManagementService","timestamp":"2016-04-29T04:27:19.693Z","module":"interventionService","funcName":"_addIntervention","level":"error","message":"error { [ValidationError: Intervention validation failed]\n  message: 'Intervention validation failed',\n  name: 'ValidationError',\n  errors: \n   { endTime: \n      { [ValidatorError: Path `endTime` is required.]\n        message: 'Path `endTime` is required.',\n        name: 'ValidatorError',\n        properties: [Object],\n        kind: 'required',\n        path: 'endTime',\n        value: undefined } } }"}
{"service":"userManagementService","timestamp":"2016-04-29T04:27:52.866Z","module":"interventionRepository","funcName":"_addClosedVisit","level":"info","message":"info start"}
{"service":"userManagementService","timestamp":"2016-04-29T04:29:39.110Z","module":"interventionRepository","funcName":"_getClosedVisits","level":"info","message":"info start"}
{"timestamp":"2016-05-08T05:15:05.847Z","module":"gardenCenterRepository","funcName":"_getGardenCenters","level":"info","message":"info start"}
{"timestamp":"2016-05-08T05:15:46.827Z","module":"gardenCenterRepository","funcName":"_getGardenCenters","level":"info","message":"info start"}
{"timestamp":"2016-05-08T05:33:58.936Z","module":"gardenCenterRepository","funcName":"_addGardenCenter","level":"info","message":"info start"}
{"timestamp":"2016-05-08T05:35:08.437Z","module":"gardenCenterRepository","funcName":"_getGardenCenters","level":"info","message":"info start"}
{"timestamp":"2016-05-08T05:37:49.012Z","module":"gardenCenterRepository","funcName":"_getGardenCenters","level":"info","message":"info start"}
{"timestamp":"2016-05-08T05:38:02.573Z","module":"gardenCenterRepository","funcName":"_getGardenCenters","level":"info","message":"info start"}
{"timestamp":"2016-05-08T05:38:51.312Z","module":"gardenCenterRepository","funcName":"_getGardenCenters","level":"info","message":"info start"}
{"timestamp":"2016-05-08T05:38:53.930Z","module":"gardenCenterRepository","funcName":"_getGardenCenters","level":"info","message":"info start"}
{"timestamp":"2016-05-08T05:39:20.149Z","module":"gardenCenterRepository","funcName":"_getGardenCenters","level":"info","message":"info start"}
{"timestamp":"2016-05-08T05:40:00.227Z","module":"gardenCenterRepository","funcName":"_getGardenCenters","level":"info","message":"info start"}
{"timestamp":"2016-05-08T05:40:40.006Z","module":"gardenCenterRepository","funcName":"_getGardenCenters","level":"info","message":"info start"}
{"timestamp":"2016-05-08T05:40:57.908Z","module":"gardenCenterRepository","funcName":"_getGardenCenters","level":"info","message":"info start"}
{"timestamp":"2016-05-08T05:41:00.782Z","module":"gardenCenterRepository","funcName":"_getGardenCenters","level":"info","message":"info start"}
{"timestamp":"2016-05-08T05:41:32.123Z","module":"gardenCenterRepository","funcName":"_getGardenCenters","level":"info","message":"info start"}
{"timestamp":"2016-05-08T05:41:34.708Z","module":"gardenCenterRepository","funcName":"_getGardenCenters","level":"info","message":"info start"}
{"timestamp":"2016-05-08T05:43:58.923Z","module":"gardenCenterRepository","funcName":"_getGardenCenters","level":"info","message":"info start"}
{"timestamp":"2016-05-08T05:44:01.144Z","module":"gardenCenterRepository","funcName":"_getGardenCenterById","level":"info","message":"info start"}
{"timestamp":"2016-05-08T05:44:08.484Z","module":"gardenCenterRepository","funcName":"_getGardenCenters","level":"info","message":"info start"}
{"timestamp":"2016-05-08T05:45:25.057Z","module":"gardenCenterRepository","funcName":"_getGardenCenters","level":"info","message":"info start"}
{"timestamp":"2016-05-08T05:45:26.930Z","module":"gardenCenterRepository","funcName":"_getGardenCenterById","level":"info","message":"info start"}
{"timestamp":"2016-05-08T05:52:01.379Z","module":"gardenCenterRepository","funcName":"_getGardenCenterById","level":"info","message":"info start"}
{"timestamp":"2016-05-08T05:54:35.334Z","module":"gardenCenterRepository","funcName":"_getGardenCenterById","level":"info","message":"info start"}
{"timestamp":"2016-05-08T05:55:04.791Z","module":"gardenCenterRepository","funcName":"_getGardenCenterById","level":"info","message":"info start"}
{"timestamp":"2016-05-08T05:56:57.846Z","module":"gardenCenterRepository","funcName":"_updateGardenCenter","level":"info","message":"info start"}
{"timestamp":"2016-05-08T05:56:57.933Z","module":"gardenCenterRepository","funcName":"_getGardenCenters","level":"info","message":"info start"}
{"timestamp":"2016-05-08T05:57:01.849Z","module":"gardenCenterRepository","funcName":"_getGardenCenterById","level":"info","message":"info start"}
{"timestamp":"2016-05-08T05:58:03.599Z","module":"gardenCenterRepository","funcName":"_updateGardenCenter","level":"info","message":"info start"}
{"timestamp":"2016-05-08T05:58:03.646Z","module":"gardenCenterRepository","funcName":"_getGardenCenters","level":"info","message":"info start"}
{"timestamp":"2016-05-08T05:59:29.939Z","module":"gardenCenterRepository","funcName":"_getGardenCenterById","level":"info","message":"info start"}
{"timestamp":"2016-05-08T05:59:35.122Z","module":"gardenCenterRepository","funcName":"_updateGardenCenter","level":"info","message":"info start"}
{"timestamp":"2016-05-08T05:59:35.160Z","module":"gardenCenterRepository","funcName":"_getGardenCenters","level":"info","message":"info start"}
{"timestamp":"2016-05-08T06:01:08.355Z","module":"gardenCenterRepository","funcName":"_getGardenCenters","level":"info","message":"info start"}
{"timestamp":"2016-05-08T06:01:12.207Z","module":"gardenCenterRepository","funcName":"_getGardenCenterById","level":"info","message":"info start"}
{"timestamp":"2016-05-08T06:01:16.764Z","module":"gardenCenterRepository","funcName":"_updateGardenCenter","level":"info","message":"info start"}
{"timestamp":"2016-05-08T06:01:16.805Z","module":"gardenCenterRepository","funcName":"_getGardenCenters","level":"info","message":"info start"}
{"timestamp":"2016-05-08T06:02:33.463Z","module":"gardenCenterRepository","funcName":"_getGardenCenterById","level":"info","message":"info start"}
{"timestamp":"2016-05-08T06:02:37.607Z","module":"gardenCenterRepository","funcName":"_updateGardenCenter","level":"info","message":"info start"}
{"timestamp":"2016-05-08T06:02:37.656Z","module":"gardenCenterRepository","funcName":"_getGardenCenters","level":"info","message":"info start"}
{"timestamp":"2016-05-08T06:04:09.618Z","module":"gardenCenterRepository","funcName":"_getGardenCenterById","level":"info","message":"info start"}
{"timestamp":"2016-05-08T06:04:13.498Z","module":"gardenCenterRepository","funcName":"_updateGardenCenter","level":"info","message":"info start"}
{"timestamp":"2016-05-08T06:04:13.560Z","module":"gardenCenterRepository","funcName":"_getGardenCenters","level":"info","message":"info start"}
{"timestamp":"2016-05-08T06:05:26.506Z","module":"gardenCenterRepository","funcName":"_getGardenCenterById","level":"info","message":"info start"}
{"timestamp":"2016-05-08T06:05:30.471Z","module":"gardenCenterRepository","funcName":"_updateGardenCenter","level":"info","message":"info start"}
{"timestamp":"2016-05-08T06:05:30.532Z","module":"gardenCenterRepository","funcName":"_getGardenCenters","level":"info","message":"info start"}
{"timestamp":"2016-05-08T06:06:20.388Z","module":"gardenCenterRepository","funcName":"_getGardenCenters","level":"info","message":"info start"}
{"timestamp":"2016-05-08T06:06:23.975Z","module":"gardenCenterRepository","funcName":"_getGardenCenterById","level":"info","message":"info start"}
{"timestamp":"2016-05-08T06:06:28.673Z","module":"gardenCenterRepository","funcName":"_updateGardenCenter","level":"info","message":"info start"}
{"timestamp":"2016-05-08T06:06:28.724Z","module":"gardenCenterRepository","funcName":"_getGardenCenters","level":"info","message":"info start"}
{"timestamp":"2016-05-08T06:06:47.043Z","module":"gardenCenterRepository","funcName":"_getGardenCenters","level":"info","message":"info start"}
{"timestamp":"2016-05-08T06:06:49.794Z","module":"gardenCenterRepository","funcName":"_getGardenCenterById","level":"info","message":"info start"}
{"timestamp":"2016-05-08T06:06:53.134Z","module":"gardenCenterRepository","funcName":"_updateGardenCenter","level":"info","message":"info start"}
{"timestamp":"2016-05-08T06:06:53.194Z","module":"gardenCenterRepository","funcName":"_getGardenCenters","level":"info","message":"info start"}
{"timestamp":"2016-05-08T06:09:41.125Z","module":"gardenCenterRepository","funcName":"_getGardenCenters","level":"info","message":"info start"}
{"timestamp":"2016-05-08T06:09:43.167Z","module":"gardenCenterRepository","funcName":"_getGardenCenterById","level":"info","message":"info start"}
{"timestamp":"2016-05-08T06:09:47.918Z","module":"gardenCenterRepository","funcName":"_updateGardenCenter","level":"info","message":"info start"}
{"timestamp":"2016-05-08T06:09:47.989Z","module":"gardenCenterRepository","funcName":"_getGardenCenters","level":"info","message":"info start"}
{"timestamp":"2016-05-08T06:09:50.206Z","module":"gardenCenterRepository","funcName":"_getGardenCenterById","level":"info","message":"info start"}
{"timestamp":"2016-05-08T06:14:01.798Z","module":"gardenCenterRepository","funcName":"_getGardenCenters","level":"info","message":"info start"}
{"timestamp":"2016-05-08T06:14:02.973Z","module":"gardenCenterRepository","funcName":"_getGardenCenters","level":"info","message":"info start"}
{"timestamp":"2016-05-08T06:14:24.531Z","module":"gardenCenterRepository","funcName":"_getGardenCenters","level":"info","message":"info start"}
{"timestamp":"2016-05-08T06:14:34.362Z","module":"gardenCenterRepository","funcName":"_getGardenCenters","level":"info","message":"info start"}
{"timestamp":"2016-05-08T06:14:36.467Z","module":"gardenCenterRepository","funcName":"_getGardenCenterById","level":"info","message":"info start gardenCenterId=572ecfc6af92a2fd7fe9836f"}
{"timestamp":"2016-05-08T06:16:44.523Z","module":"gardenCenterRepository","funcName":"_getGardenCenterById","level":"info","message":"info start gardenCenterId=572ecfc6af92a2fd7fe9836f"}
{"timestamp":"2016-05-08T06:17:41.437Z","module":"gardenCenterRepository","funcName":"_getGardenCenterById","level":"info","message":"info start gardenCenterId=572ecfc6af92a2fd7fe9836f"}
{"timestamp":"2016-05-08T06:17:46.567Z","module":"gardenCenterRepository","funcName":"_getGardenCenters","level":"info","message":"info start"}
{"timestamp":"2016-05-08T08:38:34.310Z","module":"gardenCenterRepository","funcName":"_getGardenCenters","level":"info","message":"info start"}
{"timestamp":"2016-05-08T08:40:56.151Z","module":"gardenCenterRepository","funcName":"_getGardenCenters","level":"info","message":"info start"}
{"timestamp":"2016-05-08T08:42:27.647Z","module":"gardenCenterRepository","funcName":"_getGardenCenters","level":"info","message":"info start"}
{"timestamp":"2016-05-08T08:42:34.017Z","module":"gardenCenterRepository","funcName":"_getGardenCenterById","level":"info","message":"info start gardenCenterId=572ecfc6af92a2fd7fe9836f"}
{"timestamp":"2016-05-08T08:42:35.845Z","module":"gardenCenterRepository","funcName":"_getGardenCenters","level":"info","message":"info start"}
{"timestamp":"2016-05-08T08:43:15.188Z","module":"gardenCenterRepository","funcName":"_getGardenCenters","level":"info","message":"info start"}
{"timestamp":"2016-05-08T08:43:50.567Z","module":"gardenCenterRepository","funcName":"_getGardenCenters","level":"info","message":"info start"}
{"timestamp":"2016-05-08T08:43:56.917Z","module":"gardenCenterRepository","funcName":"_getGardenCenterById","level":"info","message":"info start gardenCenterId=572ecfc6af92a2fd7fe9836f"}
{"timestamp":"2016-05-08T08:43:58.235Z","module":"gardenCenterRepository","funcName":"_getGardenCenters","level":"info","message":"info start"}
{"timestamp":"2016-05-08T08:57:31.191Z","module":"gardenCenterRepository","funcName":"_getGardenCenters","level":"info","message":"info start"}
{"timestamp":"2016-05-08T08:58:34.387Z","module":"gardenCenterRepository","funcName":"_deleteGardenCenter","level":"info","message":"info start gardenCenterId=572ecfc6af92a2fd7fe9836f"}
{"timestamp":"2016-05-08T08:58:43.579Z","module":"gardenCenterRepository","funcName":"_getGardenCenters","level":"info","message":"info start"}
{"timestamp":"2016-05-08T09:01:11.099Z","module":"gardenCenterRepository","funcName":"_getGardenCenters","level":"info","message":"info start"}
{"timestamp":"2016-05-08T09:01:35.868Z","module":"gardenCenterRepository","funcName":"_addGardenCenter","level":"info","message":"info start"}
{"timestamp":"2016-05-08T09:01:35.904Z","module":"gardenCenterRepository","funcName":"_addGardenCenter","level":"error","message":"error { [ValidationError: GardenCenter validation failed]\n  message: 'GardenCenter validation failed',\n  name: 'ValidationError',\n  errors: \n   { 'gardenCenterAddress.PO': \n      { [ValidatorError: Path `gardenCenterAddress.PO` is required.]\n        message: 'Path `gardenCenterAddress.PO` is required.',\n        name: 'ValidatorError',\n        properties: [Object],\n        kind: 'required',\n        path: 'gardenCenterAddress.PO',\n        value: '' },\n     name: \n      { [ValidatorError: Path `name` is required.]\n        message: 'Path `name` is required.',\n        name: 'ValidatorError',\n        properties: [Object],\n        kind: 'required',\n        path: 'name',\n        value: '' } } }"}
{"timestamp":"2016-05-08T09:01:35.905Z","module":"gardenCenterService","funcName":"_addGardenCenter","level":"error","message":"error { [ValidationError: GardenCenter validation failed]\n  message: 'GardenCenter validation failed',\n  name: 'ValidationError',\n  errors: \n   { 'gardenCenterAddress.PO': \n      { [ValidatorError: Path `gardenCenterAddress.PO` is required.]\n        message: 'Path `gardenCenterAddress.PO` is required.',\n        name: 'ValidatorError',\n        properties: [Object],\n        kind: 'required',\n        path: 'gardenCenterAddress.PO',\n        value: '' },\n     name: \n      { [ValidatorError: Path `name` is required.]\n        message: 'Path `name` is required.',\n        name: 'ValidatorError',\n        properties: [Object],\n        kind: 'required',\n        path: 'name',\n        value: '' } } }"}
{"timestamp":"2016-05-08T09:04:00.922Z","module":"gardenCenterRepository","funcName":"_addGardenCenter","level":"info","message":"info start"}
{"timestamp":"2016-05-08T09:04:00.956Z","module":"gardenCenterRepository","funcName":"_addGardenCenter","level":"error","message":"error { [ValidationError: GardenCenter validation failed]\n  message: 'GardenCenter validation failed',\n  name: 'ValidationError',\n  errors: \n   { 'gardenCenterAddress.PO': \n      { [ValidatorError: Path `gardenCenterAddress.PO` is required.]\n        message: 'Path `gardenCenterAddress.PO` is required.',\n        name: 'ValidatorError',\n        properties: [Object],\n        kind: 'required',\n        path: 'gardenCenterAddress.PO',\n        value: '' },\n     name: \n      { [ValidatorError: Path `name` is required.]\n        message: 'Path `name` is required.',\n        name: 'ValidatorError',\n        properties: [Object],\n        kind: 'required',\n        path: 'name',\n        value: '' } } }"}
{"timestamp":"2016-05-08T09:04:00.957Z","module":"gardenCenterService","funcName":"_addGardenCenter","level":"error","message":"error { [ValidationError: GardenCenter validation failed]\n  message: 'GardenCenter validation failed',\n  name: 'ValidationError',\n  errors: \n   { 'gardenCenterAddress.PO': \n      { [ValidatorError: Path `gardenCenterAddress.PO` is required.]\n        message: 'Path `gardenCenterAddress.PO` is required.',\n        name: 'ValidatorError',\n        properties: [Object],\n        kind: 'required',\n        path: 'gardenCenterAddress.PO',\n        value: '' },\n     name: \n      { [ValidatorError: Path `name` is required.]\n        message: 'Path `name` is required.',\n        name: 'ValidatorError',\n        properties: [Object],\n        kind: 'required',\n        path: 'name',\n        value: '' } } }"}
{"timestamp":"2016-05-08T09:04:31.944Z","module":"gardenCenterRepository","funcName":"_addGardenCenter","level":"info","message":"info start"}
{"timestamp":"2016-05-08T09:04:31.978Z","module":"gardenCenterRepository","funcName":"_addGardenCenter","level":"error","message":"error { [ValidationError: GardenCenter validation failed]\n  message: 'GardenCenter validation failed',\n  name: 'ValidationError',\n  errors: \n   { 'gardenCenterAddress.PO': \n      { [ValidatorError: Path `gardenCenterAddress.PO` is required.]\n        message: 'Path `gardenCenterAddress.PO` is required.',\n        name: 'ValidatorError',\n        properties: [Object],\n        kind: 'required',\n        path: 'gardenCenterAddress.PO',\n        value: '' },\n     name: \n      { [ValidatorError: Path `name` is required.]\n        message: 'Path `name` is required.',\n        name: 'ValidatorError',\n        properties: [Object],\n        kind: 'required',\n        path: 'name',\n        value: '' } } }"}
{"timestamp":"2016-05-08T09:04:31.979Z","module":"gardenCenterService","funcName":"_addGardenCenter","level":"error","message":"error { [ValidationError: GardenCenter validation failed]\n  message: 'GardenCenter validation failed',\n  name: 'ValidationError',\n  errors: \n   { 'gardenCenterAddress.PO': \n      { [ValidatorError: Path `gardenCenterAddress.PO` is required.]\n        message: 'Path `gardenCenterAddress.PO` is required.',\n        name: 'ValidatorError',\n        properties: [Object],\n        kind: 'required',\n        path: 'gardenCenterAddress.PO',\n        value: '' },\n     name: \n      { [ValidatorError: Path `name` is required.]\n        message: 'Path `name` is required.',\n        name: 'ValidatorError',\n        properties: [Object],\n        kind: 'required',\n        path: 'name',\n        value: '' } } }"}
{"timestamp":"2016-05-08T09:05:58.470Z","module":"gardenCenterRepository","funcName":"_addGardenCenter","level":"info","message":"info start"}
{"timestamp":"2016-05-08T09:05:58.474Z","module":"gardenCenterRepository","funcName":"_addGardenCenter","level":"error","message":"error { [ValidationError: GardenCenter validation failed]\n  message: 'GardenCenter validation failed',\n  name: 'ValidationError',\n  errors: \n   { 'gardenCenterAddress.PO': \n      { [ValidatorError: Path `gardenCenterAddress.PO` is required.]\n        message: 'Path `gardenCenterAddress.PO` is required.',\n        name: 'ValidatorError',\n        properties: [Object],\n        kind: 'required',\n        path: 'gardenCenterAddress.PO',\n        value: '' },\n     name: \n      { [ValidatorError: Path `name` is required.]\n        message: 'Path `name` is required.',\n        name: 'ValidatorError',\n        properties: [Object],\n        kind: 'required',\n        path: 'name',\n        value: '' } } }"}
{"timestamp":"2016-05-08T09:05:58.475Z","module":"gardenCenterService","funcName":"_addGardenCenter","level":"error","message":"error { [ValidationError: GardenCenter validation failed]\n  message: 'GardenCenter validation failed',\n  name: 'ValidationError',\n  errors: \n   { 'gardenCenterAddress.PO': \n      { [ValidatorError: Path `gardenCenterAddress.PO` is required.]\n        message: 'Path `gardenCenterAddress.PO` is required.',\n        name: 'ValidatorError',\n        properties: [Object],\n        kind: 'required',\n        path: 'gardenCenterAddress.PO',\n        value: '' },\n     name: \n      { [ValidatorError: Path `name` is required.]\n        message: 'Path `name` is required.',\n        name: 'ValidatorError',\n        properties: [Object],\n        kind: 'required',\n        path: 'name',\n        value: '' } } }"}
{"timestamp":"2016-05-08T09:06:12.766Z","module":"gardenCenterRepository","funcName":"_addGardenCenter","level":"info","message":"info start"}
{"timestamp":"2016-05-08T09:06:12.770Z","module":"gardenCenterRepository","funcName":"_addGardenCenter","level":"error","message":"error { [ValidationError: GardenCenter validation failed]\n  message: 'GardenCenter validation failed',\n  name: 'ValidationError',\n  errors: \n   { 'gardenCenterAddress.PO': \n      { [ValidatorError: Path `gardenCenterAddress.PO` is required.]\n        message: 'Path `gardenCenterAddress.PO` is required.',\n        name: 'ValidatorError',\n        properties: [Object],\n        kind: 'required',\n        path: 'gardenCenterAddress.PO',\n        value: '' },\n     'gardenCenterAddress.province': \n      { [ValidatorError: Path `gardenCenterAddress.province` is required.]\n        message: 'Path `gardenCenterAddress.province` is required.',\n        name: 'ValidatorError',\n        properties: [Object],\n        kind: 'required',\n        path: 'gardenCenterAddress.province',\n        value: '' },\n     'gardenCenterAddress.city': \n      { [ValidatorError: Path `gardenCenterAddress.city` is required.]\n        message: 'Path `gardenCenterAddress.city` is required.',\n        name: 'ValidatorError',\n        properties: [Object],\n        kind: 'required',\n        path: 'gardenCenterAddress.city',\n        value: '' },\n     'gardenCenterAddress.address': \n      { [ValidatorError: Path `gardenCenterAddress.address` is required.]\n        message: 'Path `gardenCenterAddress.address` is required.',\n        name: 'ValidatorError',\n        properties: [Object],\n        kind: 'required',\n        path: 'gardenCenterAddress.address',\n        value: '' },\n     name: \n      { [ValidatorError: Path `name` is required.]\n        message: 'Path `name` is required.',\n        name: 'ValidatorError',\n        properties: [Object],\n        kind: 'required',\n        path: 'name',\n        value: '' } } }"}
{"timestamp":"2016-05-08T09:06:12.774Z","module":"gardenCenterService","funcName":"_addGardenCenter","level":"error","message":"error { [ValidationError: GardenCenter validation failed]\n  message: 'GardenCenter validation failed',\n  name: 'ValidationError',\n  errors: \n   { 'gardenCenterAddress.PO': \n      { [ValidatorError: Path `gardenCenterAddress.PO` is required.]\n        message: 'Path `gardenCenterAddress.PO` is required.',\n        name: 'ValidatorError',\n        properties: [Object],\n        kind: 'required',\n        path: 'gardenCenterAddress.PO',\n        value: '' },\n     'gardenCenterAddress.province': \n      { [ValidatorError: Path `gardenCenterAddress.province` is required.]\n        message: 'Path `gardenCenterAddress.province` is required.',\n        name: 'ValidatorError',\n        properties: [Object],\n        kind: 'required',\n        path: 'gardenCenterAddress.province',\n        value: '' },\n     'gardenCenterAddress.city': \n      { [ValidatorError: Path `gardenCenterAddress.city` is required.]\n        message: 'Path `gardenCenterAddress.city` is required.',\n        name: 'ValidatorError',\n        properties: [Object],\n        kind: 'required',\n        path: 'gardenCenterAddress.city',\n        value: '' },\n     'gardenCenterAddress.address': \n      { [ValidatorError: Path `gardenCenterAddress.address` is required.]\n        message: 'Path `gardenCenterAddress.address` is required.',\n        name: 'ValidatorError',\n        properties: [Object],\n        kind: 'required',\n        path: 'gardenCenterAddress.address',\n        value: '' },\n     name: \n      { [ValidatorError: Path `name` is required.]\n        message: 'Path `name` is required.',\n        name: 'ValidatorError',\n        properties: [Object],\n        kind: 'required',\n        path: 'name',\n        value: '' } } }"}
{"timestamp":"2016-05-08T09:06:48.398Z","module":"gardenCenterRepository","funcName":"_addGardenCenter","level":"info","message":"info start"}
{"timestamp":"2016-05-08T09:06:48.400Z","module":"gardenCenterRepository","funcName":"_addGardenCenter","level":"error","message":"error { [ValidationError: GardenCenter validation failed]\n  message: 'GardenCenter validation failed',\n  name: 'ValidationError',\n  errors: \n   { 'gardenCenterAddress.PO': \n      { [ValidatorError: Path `gardenCenterAddress.PO` is required.]\n        message: 'Path `gardenCenterAddress.PO` is required.',\n        name: 'ValidatorError',\n        properties: [Object],\n        kind: 'required',\n        path: 'gardenCenterAddress.PO',\n        value: '' },\n     'gardenCenterAddress.province': \n      { [ValidatorError: Path `gardenCenterAddress.province` is required.]\n        message: 'Path `gardenCenterAddress.province` is required.',\n        name: 'ValidatorError',\n        properties: [Object],\n        kind: 'required',\n        path: 'gardenCenterAddress.province',\n        value: '' },\n     'gardenCenterAddress.city': \n      { [ValidatorError: Path `gardenCenterAddress.city` is required.]\n        message: 'Path `gardenCenterAddress.city` is required.',\n        name: 'ValidatorError',\n        properties: [Object],\n        kind: 'required',\n        path: 'gardenCenterAddress.city',\n        value: '' },\n     'gardenCenterAddress.address': \n      { [ValidatorError: Path `gardenCenterAddress.address` is required.]\n        message: 'Path `gardenCenterAddress.address` is required.',\n        name: 'ValidatorError',\n        properties: [Object],\n        kind: 'required',\n        path: 'gardenCenterAddress.address',\n        value: '' },\n     name: \n      { [ValidatorError: Path `name` is required.]\n        message: 'Path `name` is required.',\n        name: 'ValidatorError',\n        properties: [Object],\n        kind: 'required',\n        path: 'name',\n        value: '' } } }"}
{"timestamp":"2016-05-08T09:06:48.402Z","module":"gardenCenterService","funcName":"_addGardenCenter","level":"error","message":"error { [ValidationError: GardenCenter validation failed]\n  message: 'GardenCenter validation failed',\n  name: 'ValidationError',\n  errors: \n   { 'gardenCenterAddress.PO': \n      { [ValidatorError: Path `gardenCenterAddress.PO` is required.]\n        message: 'Path `gardenCenterAddress.PO` is required.',\n        name: 'ValidatorError',\n        properties: [Object],\n        kind: 'required',\n        path: 'gardenCenterAddress.PO',\n        value: '' },\n     'gardenCenterAddress.province': \n      { [ValidatorError: Path `gardenCenterAddress.province` is required.]\n        message: 'Path `gardenCenterAddress.province` is required.',\n        name: 'ValidatorError',\n        properties: [Object],\n        kind: 'required',\n        path: 'gardenCenterAddress.province',\n        value: '' },\n     'gardenCenterAddress.city': \n      { [ValidatorError: Path `gardenCenterAddress.city` is required.]\n        message: 'Path `gardenCenterAddress.city` is required.',\n        name: 'ValidatorError',\n        properties: [Object],\n        kind: 'required',\n        path: 'gardenCenterAddress.city',\n        value: '' },\n     'gardenCenterAddress.address': \n      { [ValidatorError: Path `gardenCenterAddress.address` is required.]\n        message: 'Path `gardenCenterAddress.address` is required.',\n        name: 'ValidatorError',\n        properties: [Object],\n        kind: 'required',\n        path: 'gardenCenterAddress.address',\n        value: '' },\n     name: \n      { [ValidatorError: Path `name` is required.]\n        message: 'Path `name` is required.',\n        name: 'ValidatorError',\n        properties: [Object],\n        kind: 'required',\n        path: 'name',\n        value: '' } } }"}
{"timestamp":"2016-05-08T09:07:18.975Z","module":"gardenCenterRepository","funcName":"_addGardenCenter","level":"info","message":"info start"}
{"timestamp":"2016-05-08T09:07:18.979Z","module":"gardenCenterRepository","funcName":"_addGardenCenter","level":"error","message":"error { [ValidationError: GardenCenter validation failed]\n  message: 'GardenCenter validation failed',\n  name: 'ValidationError',\n  errors: \n   { 'gardenCenterAddress.PO': \n      { [ValidatorError: Path `gardenCenterAddress.PO` is required.]\n        message: 'Path `gardenCenterAddress.PO` is required.',\n        name: 'ValidatorError',\n        properties: [Object],\n        kind: 'required',\n        path: 'gardenCenterAddress.PO',\n        value: '' },\n     'gardenCenterAddress.province': \n      { [ValidatorError: Path `gardenCenterAddress.province` is required.]\n        message: 'Path `gardenCenterAddress.province` is required.',\n        name: 'ValidatorError',\n        properties: [Object],\n        kind: 'required',\n        path: 'gardenCenterAddress.province',\n        value: '' },\n     'gardenCenterAddress.city': \n      { [ValidatorError: Path `gardenCenterAddress.city` is required.]\n        message: 'Path `gardenCenterAddress.city` is required.',\n        name: 'ValidatorError',\n        properties: [Object],\n        kind: 'required',\n        path: 'gardenCenterAddress.city',\n        value: '' },\n     'gardenCenterAddress.address': \n      { [ValidatorError: Path `gardenCenterAddress.address` is required.]\n        message: 'Path `gardenCenterAddress.address` is required.',\n        name: 'ValidatorError',\n        properties: [Object],\n        kind: 'required',\n        path: 'gardenCenterAddress.address',\n        value: '' },\n     name: \n      { [ValidatorError: Path `name` is required.]\n        message: 'Path `name` is required.',\n        name: 'ValidatorError',\n        properties: [Object],\n        kind: 'required',\n        path: 'name',\n        value: '' } } }"}
{"timestamp":"2016-05-08T09:07:18.981Z","module":"gardenCenterService","funcName":"_addGardenCenter","level":"error","message":"error { [ValidationError: GardenCenter validation failed]\n  message: 'GardenCenter validation failed',\n  name: 'ValidationError',\n  errors: \n   { 'gardenCenterAddress.PO': \n      { [ValidatorError: Path `gardenCenterAddress.PO` is required.]\n        message: 'Path `gardenCenterAddress.PO` is required.',\n        name: 'ValidatorError',\n        properties: [Object],\n        kind: 'required',\n        path: 'gardenCenterAddress.PO',\n        value: '' },\n     'gardenCenterAddress.province': \n      { [ValidatorError: Path `gardenCenterAddress.province` is required.]\n        message: 'Path `gardenCenterAddress.province` is required.',\n        name: 'ValidatorError',\n        properties: [Object],\n        kind: 'required',\n        path: 'gardenCenterAddress.province',\n        value: '' },\n     'gardenCenterAddress.city': \n      { [ValidatorError: Path `gardenCenterAddress.city` is required.]\n        message: 'Path `gardenCenterAddress.city` is required.',\n        name: 'ValidatorError',\n        properties: [Object],\n        kind: 'required',\n        path: 'gardenCenterAddress.city',\n        value: '' },\n     'gardenCenterAddress.address': \n      { [ValidatorError: Path `gardenCenterAddress.address` is required.]\n        message: 'Path `gardenCenterAddress.address` is required.',\n        name: 'ValidatorError',\n        properties: [Object],\n        kind: 'required',\n        path: 'gardenCenterAddress.address',\n        value: '' },\n     name: \n      { [ValidatorError: Path `name` is required.]\n        message: 'Path `name` is required.',\n        name: 'ValidatorError',\n        properties: [Object],\n        kind: 'required',\n        path: 'name',\n        value: '' } } }"}
{"timestamp":"2016-05-08T09:07:27.165Z","module":"gardenCenterRepository","funcName":"_addGardenCenter","level":"info","message":"info start"}
{"timestamp":"2016-05-08T09:07:27.169Z","module":"gardenCenterRepository","funcName":"_addGardenCenter","level":"error","message":"error { [ValidationError: GardenCenter validation failed]\n  message: 'GardenCenter validation failed',\n  name: 'ValidationError',\n  errors: \n   { 'gardenCenterAddress.PO': \n      { [ValidatorError: Path `gardenCenterAddress.PO` is required.]\n        message: 'Path `gardenCenterAddress.PO` is required.',\n        name: 'ValidatorError',\n        properties: [Object],\n        kind: 'required',\n        path: 'gardenCenterAddress.PO',\n        value: '' },\n     'gardenCenterAddress.province': \n      { [ValidatorError: Path `gardenCenterAddress.province` is required.]\n        message: 'Path `gardenCenterAddress.province` is required.',\n        name: 'ValidatorError',\n        properties: [Object],\n        kind: 'required',\n        path: 'gardenCenterAddress.province',\n        value: '' },\n     'gardenCenterAddress.city': \n      { [ValidatorError: Path `gardenCenterAddress.city` is required.]\n        message: 'Path `gardenCenterAddress.city` is required.',\n        name: 'ValidatorError',\n        properties: [Object],\n        kind: 'required',\n        path: 'gardenCenterAddress.city',\n        value: '' },\n     'gardenCenterAddress.address': \n      { [ValidatorError: Path `gardenCenterAddress.address` is required.]\n        message: 'Path `gardenCenterAddress.address` is required.',\n        name: 'ValidatorError',\n        properties: [Object],\n        kind: 'required',\n        path: 'gardenCenterAddress.address',\n        value: '' },\n     name: \n      { [ValidatorError: Path `name` is required.]\n        message: 'Path `name` is required.',\n        name: 'ValidatorError',\n        properties: [Object],\n        kind: 'required',\n        path: 'name',\n        value: '' } } }"}
{"timestamp":"2016-05-08T09:07:27.173Z","module":"gardenCenterService","funcName":"_addGardenCenter","level":"error","message":"error { [ValidationError: GardenCenter validation failed]\n  message: 'GardenCenter validation failed',\n  name: 'ValidationError',\n  errors: \n   { 'gardenCenterAddress.PO': \n      { [ValidatorError: Path `gardenCenterAddress.PO` is required.]\n        message: 'Path `gardenCenterAddress.PO` is required.',\n        name: 'ValidatorError',\n        properties: [Object],\n        kind: 'required',\n        path: 'gardenCenterAddress.PO',\n        value: '' },\n     'gardenCenterAddress.province': \n      { [ValidatorError: Path `gardenCenterAddress.province` is required.]\n        message: 'Path `gardenCenterAddress.province` is required.',\n        name: 'ValidatorError',\n        properties: [Object],\n        kind: 'required',\n        path: 'gardenCenterAddress.province',\n        value: '' },\n     'gardenCenterAddress.city': \n      { [ValidatorError: Path `gardenCenterAddress.city` is required.]\n        message: 'Path `gardenCenterAddress.city` is required.',\n        name: 'ValidatorError',\n        properties: [Object],\n        kind: 'required',\n        path: 'gardenCenterAddress.city',\n        value: '' },\n     'gardenCenterAddress.address': \n      { [ValidatorError: Path `gardenCenterAddress.address` is required.]\n        message: 'Path `gardenCenterAddress.address` is required.',\n        name: 'ValidatorError',\n        properties: [Object],\n        kind: 'required',\n        path: 'gardenCenterAddress.address',\n        value: '' },\n     name: \n      { [ValidatorError: Path `name` is required.]\n        message: 'Path `name` is required.',\n        name: 'ValidatorError',\n        properties: [Object],\n        kind: 'required',\n        path: 'name',\n        value: '' } } }"}
{"timestamp":"2016-05-08T09:09:15.466Z","module":"gardenCenterRepository","funcName":"_addGardenCenter","level":"info","message":"info start"}
{"timestamp":"2016-05-08T09:09:15.559Z","module":"gardenCenterRepository","funcName":"_getGardenCenters","level":"info","message":"info start"}
{"timestamp":"2016-05-08T09:09:25.149Z","module":"gardenCenterRepository","funcName":"_getGardenCenters","level":"info","message":"info start"}
{"timestamp":"2016-05-08T09:09:27.041Z","module":"gardenCenterRepository","funcName":"_getGardenCenters","level":"info","message":"info start"}
{"timestamp":"2016-05-08T09:17:21.594Z","module":"gardenCenterRepository","funcName":"_getGardenCenters","level":"info","message":"info start"}
{"timestamp":"2016-05-08T09:17:24.657Z","module":"gardenCenterRepository","funcName":"_getGardenCenters","level":"info","message":"info start"}
{"timestamp":"2016-05-09T05:03:42.752Z","module":"gardenCenterRepository","funcName":"_addGardenCenter","level":"info","message":"info start"}
{"timestamp":"2016-05-09T09:00:42.823Z","module":"gardenCenterRepository","funcName":"_getGardenCenters","level":"info","message":"info start"}
{"timestamp":"2016-07-14T04:00:17.777Z","module":"gardenCenterRepository","funcName":"_addGardenCenter","level":"info","message":"info start"}
{"timestamp":"2016-07-14T04:00:17.835Z","module":"gardenCenterRepository","funcName":"_addGardenCenter","level":"info","message":"info start"}
{"timestamp":"2016-07-14T04:00:17.843Z","module":"gardenCenterRepository","funcName":"_getGardenCenterById","level":"info","message":"info start gardenCenterId=57870e5155c08c2f092b522e"}
{"timestamp":"2016-07-14T04:00:17.863Z","module":"gardenCenterRepository","funcName":"_updateGardenCenter","level":"info","message":"info start"}
{"timestamp":"2016-07-14T04:00:17.877Z","module":"gardenCenterRepository","funcName":"_getGardenCenters","level":"info","message":"info start"}
{"timestamp":"2016-07-14T04:00:17.887Z","module":"clientGardenRepository","funcName":"_addClient","level":"info","message":"info start"}
{"timestamp":"2016-07-14T04:00:17.907Z","module":"clientGardenRepository","funcName":"_addClient","level":"info","message":"info start"}
{"timestamp":"2016-07-14T04:00:17.916Z","module":"clientGardenRepository","funcName":"_addClient","level":"info","message":"info start"}
{"timestamp":"2016-07-14T04:00:17.923Z","module":"clientGardenRepository","funcName":"_addClient","level":"info","message":"info start"}
{"timestamp":"2016-07-14T04:00:17.933Z","module":"clientGardenRepository","funcName":"_getClientById","level":"info","message":"info start"}
{"timestamp":"2016-07-14T04:00:17.960Z","module":"clientGardenRepository","funcName":"_getGardenById","level":"info","message":"info start"}
{"timestamp":"2016-07-14T04:00:17.969Z","module":"scheduleRepository","funcName":"_addScheduledService","level":"info","message":"info start"}
{"timestamp":"2016-07-14T04:00:17.971Z","module":"scheduleRepository","funcName":"_getSchedule","level":"info","message":"info start"}
{"timestamp":"2016-07-14T04:00:17.989Z","module":"scheduleRepository","funcName":"_addScheduledService","level":"info","message":"info start"}
{"timestamp":"2016-07-14T04:00:17.990Z","module":"scheduleRepository","funcName":"_getSchedule","level":"info","message":"info start"}
{"timestamp":"2016-07-14T04:00:18.014Z","module":"scheduleRepository","funcName":"_getScheduleByGardenId","level":"info","message":"info start"}
